<?xml version="1.0" encoding="UTF-8"?>
<!-- Generated by org.testng.reporters.JUnitReportReporter -->
<testsuite hostname="Dell" failures="0" tests="1" name="AutomationPoject1.seleniumproject.verifyingloginpage" time="22.946" errors="0" timestamp="2023-02-23T14:58:24 IST" skipped="0">
  <testcase classname="AutomationPoject1.seleniumproject.verifyingloginpage" name="validatelogin" time="22.946"/>
  <system-out/>
</testsuite> <!-- AutomationPoject1.seleniumproject.verifyingloginpage -->
