<?xml version="1.0" encoding="UTF-8"?>
<!-- Generated by org.testng.reporters.JUnitReportReporter -->
<testsuite hostname="Dell" failures="0" tests="1" name="AutomationPoject1.seleniumproject.LaunchingBroweser" time="16.887" errors="0" timestamp="2023-02-23T14:56:30 IST" skipped="0">
  <testcase classname="AutomationPoject1.seleniumproject.LaunchingBroweser" name="launchbrowser" time="16.887"/>
  <system-out/>
</testsuite> <!-- AutomationPoject1.seleniumproject.LaunchingBroweser -->
