<?xml version="1.0" encoding="UTF-8"?>
<!-- Generated by org.testng.reporters.JUnitReportReporter -->
<testsuite hostname="Dell" failures="0" tests="1" name="AutomationPoject1.seleniumproject.Qualification" time="23.239" errors="0" timestamp="2023-02-23T15:00:11 IST" skipped="0">
  <testcase classname="AutomationPoject1.seleniumproject.Qualification" name="skill" time="23.239"/>
  <system-out/>
</testsuite> <!-- AutomationPoject1.seleniumproject.Qualification -->
